<?xml version="1.0" encoding="UTF-8"?>
<!-- Generated by org.testng.reporters.JUnitReportReporter -->
<testsuite hostname="MCM-04801.local" failures="0" tests="1" name="com.liveintent.test.FirstTest" time="5.770" errors="0" timestamp="2020-06-18T19:59:26 CEST" skipped="0">
  <testcase classname="com.liveintent.test.FirstTest" name="test1" time="5.770"/>
  <system-out/>
</testsuite> <!-- com.liveintent.test.FirstTest -->
