<?xml version="1.0" encoding="UTF-8"?>
<!-- Generated by org.testng.reporters.JUnitReportReporter -->
<testsuite hostname="MCM-04801.local" failures="0" tests="27" name="com.liveintent.test.RoutingTest" time="5.458" errors="0" timestamp="2020-06-22T12:59:02 CEST" skipped="0">
  <testcase classname="com.liveintent.test.RoutingTest" name="routingTest" time="0.023"/>
  <system-out/>
  <testcase classname="com.liveintent.test.RoutingTest" name="routingTest" time="0.079"/>
  <system-out/>
  <testcase classname="com.liveintent.test.RoutingTest" name="routingTest" time="0.356"/>
  <system-out/>
  <testcase classname="com.liveintent.test.RoutingTest" name="routingTest" time="0.030"/>
  <system-out/>
  <testcase classname="com.liveintent.test.RoutingTest" name="routingTest" time="0.018"/>
  <system-out/>
  <testcase classname="com.liveintent.test.RoutingTest" name="routingTest" time="0.022"/>
  <system-out/>
  <testcase classname="com.liveintent.test.RoutingTest" name="routingTest" time="0.309"/>
  <system-out/>
  <testcase classname="com.liveintent.test.RoutingTest" name="routingTest" time="0.344"/>
  <system-out/>
  <testcase classname="com.liveintent.test.RoutingTest" name="routingTest" time="0.375"/>
  <system-out/>
  <testcase classname="com.liveintent.test.RoutingTest" name="routingTest" time="0.018"/>
  <system-out/>
  <testcase classname="com.liveintent.test.RoutingTest" name="routingTest" time="0.324"/>
  <system-out/>
  <testcase classname="com.liveintent.test.RoutingTest" name="routingTest" time="0.335"/>
  <system-out/>
  <testcase classname="com.liveintent.test.RoutingTest" name="routingTest" time="0.357"/>
  <system-out/>
  <testcase classname="com.liveintent.test.RoutingTest" name="routingTest" time="0.967"/>
  <system-out/>
  <testcase classname="com.liveintent.test.RoutingTest" name="routingTest" time="0.037"/>
  <system-out/>
  <testcase classname="com.liveintent.test.RoutingTest" name="routingTest" time="0.364"/>
  <system-out/>
  <testcase classname="com.liveintent.test.RoutingTest" name="routingTest" time="0.019"/>
  <system-out/>
  <testcase classname="com.liveintent.test.RoutingTest" name="routingTest" time="0.015"/>
  <system-out/>
  <testcase classname="com.liveintent.test.RoutingTest" name="routingTest" time="0.373"/>
  <system-out/>
  <testcase classname="com.liveintent.test.RoutingTest" name="routingTest" time="0.019"/>
  <system-out/>
  <testcase classname="com.liveintent.test.RoutingTest" name="routingTest" time="0.318"/>
  <system-out/>
  <testcase classname="com.liveintent.test.RoutingTest" name="routingTest" time="0.352"/>
  <system-out/>
  <testcase classname="com.liveintent.test.RoutingTest" name="routingTest" time="0.018"/>
  <system-out/>
  <testcase classname="com.liveintent.test.RoutingTest" name="routingTest" time="0.028"/>
  <system-out/>
  <testcase classname="com.liveintent.test.RoutingTest" name="routingTest" time="0.014"/>
  <system-out/>
  <testcase classname="com.liveintent.test.RoutingTest" name="routingTest" time="0.323"/>
  <system-out/>
  <testcase classname="com.liveintent.test.RoutingTest" name="routingTest" time="0.021"/>
  <system-out/>
</testsuite> <!-- com.liveintent.test.RoutingTest -->
