<?xml version="1.0" encoding="UTF-8"?>
<!-- Generated by org.testng.reporters.JUnitReportReporter -->
<testsuite hostname="MCM-04801.local" failures="0" tests="27" name="com.liveintent.test.RoutingTest" time="5.734" errors="0" timestamp="2020-06-21T14:34:35 CEST" skipped="0">
  <testcase classname="com.liveintent.test.RoutingTest" name="routingTest" time="0.353"/>
  <system-out/>
  <testcase classname="com.liveintent.test.RoutingTest" name="routingTest" time="0.358"/>
  <system-out/>
  <testcase classname="com.liveintent.test.RoutingTest" name="routingTest" time="1.080"/>
  <system-out/>
  <testcase classname="com.liveintent.test.RoutingTest" name="routingTest" time="0.017"/>
  <system-out/>
  <testcase classname="com.liveintent.test.RoutingTest" name="routingTest" time="0.345"/>
  <system-out/>
  <testcase classname="com.liveintent.test.RoutingTest" name="routingTest" time="0.324"/>
  <system-out/>
  <testcase classname="com.liveintent.test.RoutingTest" name="routingTest" time="0.372"/>
  <system-out/>
  <testcase classname="com.liveintent.test.RoutingTest" name="routingTest" time="0.499"/>
  <system-out/>
  <testcase classname="com.liveintent.test.RoutingTest" name="routingTest" time="0.309"/>
  <system-out/>
  <testcase classname="com.liveintent.test.RoutingTest" name="routingTest" time="0.357"/>
  <system-out/>
  <testcase classname="com.liveintent.test.RoutingTest" name="routingTest" time="0.021"/>
  <system-out/>
  <testcase classname="com.liveintent.test.RoutingTest" name="routingTest" time="0.025"/>
  <system-out/>
  <testcase classname="com.liveintent.test.RoutingTest" name="routingTest" time="0.021"/>
  <system-out/>
  <testcase classname="com.liveintent.test.RoutingTest" name="routingTest" time="0.409"/>
  <system-out/>
  <testcase classname="com.liveintent.test.RoutingTest" name="routingTest" time="0.017"/>
  <system-out/>
  <testcase classname="com.liveintent.test.RoutingTest" name="routingTest" time="0.019"/>
  <system-out/>
  <testcase classname="com.liveintent.test.RoutingTest" name="routingTest" time="0.351"/>
  <system-out/>
  <testcase classname="com.liveintent.test.RoutingTest" name="routingTest" time="0.023"/>
  <system-out/>
  <testcase classname="com.liveintent.test.RoutingTest" name="routingTest" time="0.022"/>
  <system-out/>
  <testcase classname="com.liveintent.test.RoutingTest" name="routingTest" time="0.021"/>
  <system-out/>
  <testcase classname="com.liveintent.test.RoutingTest" name="routingTest" time="0.028"/>
  <system-out/>
  <testcase classname="com.liveintent.test.RoutingTest" name="routingTest" time="0.019"/>
  <system-out/>
  <testcase classname="com.liveintent.test.RoutingTest" name="routingTest" time="0.028"/>
  <system-out/>
  <testcase classname="com.liveintent.test.RoutingTest" name="routingTest" time="0.362"/>
  <system-out/>
  <testcase classname="com.liveintent.test.RoutingTest" name="routingTest" time="0.019"/>
  <system-out/>
  <testcase classname="com.liveintent.test.RoutingTest" name="routingTest" time="0.305"/>
  <system-out/>
  <testcase classname="com.liveintent.test.RoutingTest" name="routingTest" time="0.030"/>
  <system-out/>
</testsuite> <!-- com.liveintent.test.RoutingTest -->
