<?xml version="1.0" encoding="UTF-8"?>
<!-- Generated by org.testng.reporters.JUnitReportReporter -->
<testsuite hostname="MCM-04801.local" failures="0" tests="27" name="com.liveintent.test.RoutingTest" time="5.344" errors="0" timestamp="2020-06-22T14:28:05 CEST" skipped="0">
  <testcase classname="com.liveintent.test.RoutingTest" name="routingTest" time="0.018"/>
  <system-out/>
  <testcase classname="com.liveintent.test.RoutingTest" name="routingTest" time="0.024"/>
  <system-out/>
  <testcase classname="com.liveintent.test.RoutingTest" name="routingTest" time="0.029"/>
  <system-out/>
  <testcase classname="com.liveintent.test.RoutingTest" name="routingTest" time="0.312"/>
  <system-out/>
  <testcase classname="com.liveintent.test.RoutingTest" name="routingTest" time="1.056"/>
  <system-out/>
  <testcase classname="com.liveintent.test.RoutingTest" name="routingTest" time="0.020"/>
  <system-out/>
  <testcase classname="com.liveintent.test.RoutingTest" name="routingTest" time="0.313"/>
  <system-out/>
  <testcase classname="com.liveintent.test.RoutingTest" name="routingTest" time="0.022"/>
  <system-out/>
  <testcase classname="com.liveintent.test.RoutingTest" name="routingTest" time="0.026"/>
  <system-out/>
  <testcase classname="com.liveintent.test.RoutingTest" name="routingTest" time="0.011"/>
  <system-out/>
  <testcase classname="com.liveintent.test.RoutingTest" name="routingTest" time="0.363"/>
  <system-out/>
  <testcase classname="com.liveintent.test.RoutingTest" name="routingTest" time="0.317"/>
  <system-out/>
  <testcase classname="com.liveintent.test.RoutingTest" name="routingTest" time="0.013"/>
  <system-out/>
  <testcase classname="com.liveintent.test.RoutingTest" name="routingTest" time="0.014"/>
  <system-out/>
  <testcase classname="com.liveintent.test.RoutingTest" name="routingTest" time="0.316"/>
  <system-out/>
  <testcase classname="com.liveintent.test.RoutingTest" name="routingTest" time="0.028"/>
  <system-out/>
  <testcase classname="com.liveintent.test.RoutingTest" name="routingTest" time="0.365"/>
  <system-out/>
  <testcase classname="com.liveintent.test.RoutingTest" name="routingTest" time="0.342"/>
  <system-out/>
  <testcase classname="com.liveintent.test.RoutingTest" name="routingTest" time="0.020"/>
  <system-out/>
  <testcase classname="com.liveintent.test.RoutingTest" name="routingTest" time="0.020"/>
  <system-out/>
  <testcase classname="com.liveintent.test.RoutingTest" name="routingTest" time="0.015"/>
  <system-out/>
  <testcase classname="com.liveintent.test.RoutingTest" name="routingTest" time="0.024"/>
  <system-out/>
  <testcase classname="com.liveintent.test.RoutingTest" name="routingTest" time="0.356"/>
  <system-out/>
  <testcase classname="com.liveintent.test.RoutingTest" name="routingTest" time="0.308"/>
  <system-out/>
  <testcase classname="com.liveintent.test.RoutingTest" name="routingTest" time="0.329"/>
  <system-out/>
  <testcase classname="com.liveintent.test.RoutingTest" name="routingTest" time="0.352"/>
  <system-out/>
  <testcase classname="com.liveintent.test.RoutingTest" name="routingTest" time="0.331"/>
  <system-out/>
</testsuite> <!-- com.liveintent.test.RoutingTest -->
